0 info it worked if it ends with ok
1 verbose cli [ 'C:\\Program Files\\nodejs\\node.exe',
1 verbose cli   'C:\\Users\\ggrau\\AppData\\Roaming\\npm\\node_modules\\npm\\bin\\npm-cli.js',
1 verbose cli   'publish' ]
2 info using npm@3.7.1
3 info using node@v4.2.1
4 verbose publish [ '.' ]
5 silly cache add args [ '.', null ]
6 verbose cache add spec .
7 silly cache add parsed spec Result {
7 silly cache add   raw: '.',
7 silly cache add   scope: null,
7 silly cache add   name: null,
7 silly cache add   rawSpec: '.',
7 silly cache add   spec: 'D:\\Prog\\docco',
7 silly cache add   type: 'directory' }
8 verbose addLocalDirectory C:\Users\ggrau\AppData\Roaming\npm-cache\docco-extended\0.1.0\package.tgz not in flight; packing
9 verbose correctMkdir C:\Users\ggrau\AppData\Roaming\npm-cache correctMkdir not in flight; initializing
10 info lifecycle docco-extended@0.1.0~prepublish: docco-extended@0.1.0
11 silly lifecycle docco-extended@0.1.0~prepublish: no script for prepublish, continuing
12 verbose tar pack [ 'C:\\Users\\ggrau\\AppData\\Roaming\\npm-cache\\docco-extended\\0.1.0\\package.tgz',
12 verbose tar pack   'D:\\Prog\\docco' ]
13 verbose tarball C:\Users\ggrau\AppData\Roaming\npm-cache\docco-extended\0.1.0\package.tgz
14 verbose folder D:\Prog\docco
15 verbose addLocalTarball adding from inside cache C:\Users\ggrau\AppData\Roaming\npm-cache\docco-extended\0.1.0\package.tgz
16 verbose correctMkdir C:\Users\ggrau\AppData\Roaming\npm-cache correctMkdir not in flight; initializing
17 silly cache afterAdd docco-extended@0.1.0
18 verbose afterAdd C:\Users\ggrau\AppData\Roaming\npm-cache\docco-extended\0.1.0\package\package.json not in flight; writing
19 verbose correctMkdir C:\Users\ggrau\AppData\Roaming\npm-cache correctMkdir not in flight; initializing
20 verbose afterAdd C:\Users\ggrau\AppData\Roaming\npm-cache\docco-extended\0.1.0\package\package.json written
21 silly publish { name: 'docco-extended',
21 silly publish   description: 'The Quick and Dirty Literate Programming Documentation Generator',
21 silly publish   keywords:
21 silly publish    [ 'documentation',
21 silly publish      'docs',
21 silly publish      'generator',
21 silly publish      'literate',
21 silly publish      'coffeescript' ],
21 silly publish   author:
21 silly publish    { name: 'Guillermo Grau',
21 silly publish      url: 'based on work by Jeremy Ashkenas' },
21 silly publish   version: '0.1.0',
21 silly publish   licenses:
21 silly publish    [ { type: 'MIT',
21 silly publish        url: 'http://opensource.org/licenses/mit-license.php' } ],
21 silly publish   repository: { type: 'git', url: 'git+https://github.com/guigrpa/docco.git' },
21 silly publish   engines: { node: '>=0.2.0' },
21 silly publish   dependencies:
21 silly publish    { commander: '>= 0.5.2',
21 silly publish      diveSync: '^0.2.1',
21 silly publish      'fs-extra': '>= 0.6.0',
21 silly publish      'highlight.js': '>= 8.0.x',
21 silly publish      marked: '>= 0.2.7',
21 silly publish      slash: '^1.0.0',
21 silly publish      underscore: '>= 1.0.0',
21 silly publish      'emojify.js': '^1.0.1' },
21 silly publish   main: './docco',
21 silly publish   bin: { docco: './bin/docco' },
21 silly publish   devDependencies: {},
21 silly publish   readme: '```\n ____\n/\\  _`\\\n\\ \\ \\/\\ \\        ___         ___         ___         ___\n \\ \\ \\ \\ \\      / __`\\      /\'___\\      /\'___\\      / __`\\\n  \\ \\ \\_\\ \\    /\\ \\ \\ \\    /\\ \\__/     /\\ \\__/     /\\ \\ \\ \\\n   \\ \\____/    \\ \\____/    \\ \\____\\    \\ \\____\\    \\ \\____/\n    \\/___/      \\/___/      \\/____/     \\/____/     \\/___/\n```\n\n**This is a fork of Jeremy Ashkenas\' great [docco](http://jashkenas.github.com/docco/) tool, adding support for (recursive) subdirectories, CJSX, emojis and other nice-to-haves** ;)\n\nDocco is a quick-and-dirty, hundred-line-long, literate-programming-style\ndocumentation generator. For more information, see:\n\nhttp://jashkenas.github.com/docco/\n\nInstallation:\n\n```\n  sudo npm install -g docco\n```\n\nUsage: \n\n```\n  docco [options] FILES\n\n  Options:\n\n    -h, --help             output usage information\n    -V, --version          output the version number\n    -l, --layout [layout]  choose a built-in layouts (parallel, linear)\n    -c, --css [file]       use a custom css file\n    -o, --output [path]    use a custom output path\n    -t, --template [file]  use a custom .jst template\n    -e, --extension [ext]  use the given file extension for all inputs\n    -L, --languages [file] use a custom languages.json\n    -m, --marked [file]    use custom marked options\n```',
21 silly publish   readmeFilename: 'README.md',
21 silly publish   gitHead: '271cdc85b4df7b42a5e6dc819909775cd6c06b05',
21 silly publish   bugs: { url: 'https://github.com/guigrpa/docco/issues' },
21 silly publish   homepage: 'https://github.com/guigrpa/docco#readme',
21 silly publish   _id: 'docco-extended@0.1.0',
21 silly publish   scripts: {},
21 silly publish   _shasum: '31ad5aeb5fd07bfe4348e8c81985f129821e2deb',
21 silly publish   _from: '.' }
22 verbose getPublishConfig undefined
23 silly mapToRegistry name docco-extended
24 silly mapToRegistry using default registry
25 silly mapToRegistry registry https://registry.npmjs.org/
26 silly mapToRegistry uri https://registry.npmjs.org/docco-extended
27 verbose publish registryBase https://registry.npmjs.org/
28 silly publish uploading C:\Users\ggrau\AppData\Roaming\npm-cache\docco-extended\0.1.0\package.tgz
29 verbose request uri https://registry.npmjs.org/docco-extended
30 verbose request sending authorization for write operation
31 info attempt registry request try #1 at 1:11:01 PM
32 verbose request using bearer token for auth
33 verbose request id 85734ac20daee180
34 http request PUT https://registry.npmjs.org/docco-extended
35 http 403 https://registry.npmjs.org/docco-extended
36 verbose headers { 'content-type': 'application/json',
36 verbose headers   'cache-control': 'max-age=300',
36 verbose headers   'content-length': '95',
36 verbose headers   'accept-ranges': 'bytes',
36 verbose headers   date: 'Thu, 11 Feb 2016 12:12:08 GMT',
36 verbose headers   via: '1.1 varnish',
36 verbose headers   connection: 'close',
36 verbose headers   'x-served-by': 'cache-ams4120-AMS',
36 verbose headers   'x-cache': 'MISS',
36 verbose headers   'x-cache-hits': '0',
36 verbose headers   'x-timer': 'S1455192663.217950,VS0,VE65538' }
37 verbose request invalidating C:\Users\ggrau\AppData\Roaming\npm-cache\registry.npmjs.org\docco-extended on PUT
38 error publish Failed PUT 403
39 verbose stack Error: "You cannot publish over the previously published version 0.1.0." : docco-extended
39 verbose stack     at makeError (C:\Users\ggrau\AppData\Roaming\npm\node_modules\npm\node_modules\npm-registry-client\lib\request.js:264:12)
39 verbose stack     at CachingRegistryClient.<anonymous> (C:\Users\ggrau\AppData\Roaming\npm\node_modules\npm\node_modules\npm-registry-client\lib\request.js:252:14)
39 verbose stack     at Request._callback (C:\Users\ggrau\AppData\Roaming\npm\node_modules\npm\node_modules\npm-registry-client\lib\request.js:172:14)
39 verbose stack     at Request.self.callback (C:\Users\ggrau\AppData\Roaming\npm\node_modules\npm\node_modules\request\request.js:199:22)
39 verbose stack     at emitTwo (events.js:87:13)
39 verbose stack     at Request.emit (events.js:172:7)
39 verbose stack     at Request.<anonymous> (C:\Users\ggrau\AppData\Roaming\npm\node_modules\npm\node_modules\request\request.js:1036:10)
39 verbose stack     at emitOne (events.js:82:20)
39 verbose stack     at Request.emit (events.js:169:7)
39 verbose stack     at IncomingMessage.<anonymous> (C:\Users\ggrau\AppData\Roaming\npm\node_modules\npm\node_modules\request\request.js:963:12)
40 verbose statusCode 403
41 verbose pkgid docco-extended
42 verbose cwd D:\Prog\docco
43 error Windows_NT 6.1.7601
44 error argv "C:\\Program Files\\nodejs\\node.exe" "C:\\Users\\ggrau\\AppData\\Roaming\\npm\\node_modules\\npm\\bin\\npm-cli.js" "publish"
45 error node v4.2.1
46 error npm  v3.7.1
47 error code E403
48 error "You cannot publish over the previously published version 0.1.0." : docco-extended
49 error If you need help, you may report this error at:
49 error     <https://github.com/npm/npm/issues>
50 verbose exit [ 1, true ]
